[GIN-debug] [WARNING] Creating an Engine instance with the Logger and Recovery middleware already attached.

[GIN-debug] [WARNING] Running in "debug" mode. Switch to "release" mode in production.
 - using env:	export GIN_MODE=release
 - using code:	gin.SetMode(gin.ReleaseMode)

[GIN-debug] POST   /api/register             --> main.RegisterHandler (4 handlers)
[GIN-debug] POST   /api/login                --> main.LoginHandler (4 handlers)
[GIN-debug] POST   /api/google-login         --> main.GoogleLoginHandler (4 handlers)
[GIN-debug] POST   /api/forgot-password      --> main.ForgotPasswordHandler (4 handlers)
[GIN-debug] GET    /api/dashboard            --> main.UserDashboardHandler (5 handlers)
[GIN-debug] GET    /api/assessment           --> main.AssessmentGetHandler (5 handlers)
[GIN-debug] POST   /api/assessment/submit    --> main.AssessmentSubmitHandler (5 handlers)
[GIN-debug] GET    /api/user/history         --> main.UserHistoryHandler (5 handlers)
[GIN-debug] GET    /api/user/profile         --> main.UserProfileGetHandler (5 handlers)
[GIN-debug] PUT    /api/user/profile         --> main.UserProfilePutHandler (5 handlers)
[GIN-debug] GET    /api/network/users        --> main.NetworkUsersHandler (5 handlers)
[GIN-debug] POST   /api/network/follow/:id   --> main.NetworkFollowHandler (5 handlers)
[GIN-debug] POST   /api/network/affinity/:id --> main.NetworkAffinityHandler (5 handlers)
[GIN-debug] GET    /api/network/conversations --> main.NetworkConversationsHandler (5 handlers)
[GIN-debug] GET    /api/network/messages/:userId --> main.NetworkMessagesHandler (5 handlers)
[GIN-debug] POST   /api/network/messages/:userId --> main.NetworkSendMessageHandler (5 handlers)
[GIN-debug] GET    /api/network/user/:username --> main.NetworkUserProfileHandler (5 handlers)
[GIN-debug] GET    /api/gosip                --> main.GosipGetHandler (5 handlers)
[GIN-debug] POST   /api/curhat/submit        --> main.CurhatSubmitHandler (5 handlers)
[GIN-debug] POST   /api/curhat/:id/reply     --> main.CurhatReplyHandler (5 handlers)
[GIN-debug] POST   /api/post/create          --> main.PostCreateHandler (5 handlers)
[GIN-debug] GET    /api/user/curhat          --> main.UserCurhatHandler (5 handlers)
[GIN-debug] GET    /api/feed                 --> main.FeedGetHandler (5 handlers)
[GIN-debug] POST   /api/post/:id/like        --> main.PostLikeHandler (5 handlers)
[GIN-debug] GET    /api/post/:id/comments    --> main.PostCommentsGetHandler (5 handlers)
[GIN-debug] POST   /api/post/:id/comment     --> main.PostCommentCreateHandler (5 handlers)
[GIN-debug] GET    /api/notifications/unread --> main.NotificationsUnreadHandler (5 handlers)
[GIN-debug] POST   /api/notifications/:id/read --> main.NotificationsReadHandler (5 handlers)
[GIN-debug] GET    /api/user/notifications   --> main.UserNotificationsHandler (5 handlers)
[GIN-debug] PATCH  /api/user/treatment/:id/status --> main.UserTreatmentStatusHandler (5 handlers)
[GIN-debug] GET    /api/user/treatment/:id/replies --> main.UserTreatmentRepliesHandler (5 handlers)
[GIN-debug] POST   /api/user/treatment/:id/replies --> main.UserTreatmentReplyCreateHandler (5 handlers)
[GIN-debug] GET    /api/terapi               --> main.UserDashboardHandler (5 handlers)
[GIN-debug] GET    /api/responden            --> main.RespondenGetHandler (5 handlers)
[GIN-debug] GET    /api/responden/:id/history --> main.RespondenHistoryHandler (5 handlers)
[GIN-debug] GET    /api/admin/users          --> main.AdminUsersGetHandler (5 handlers)
[GIN-debug] POST   /api/admin/users          --> main.AdminUsersCreateHandler (5 handlers)
[GIN-debug] GET    /api/admin/users/:id      --> main.AdminUsersGetByIDHandler (5 handlers)
[GIN-debug] PUT    /api/admin/users/:id      --> main.AdminUsersPutHandler (5 handlers)
[GIN-debug] DELETE /api/admin/users/:id      --> main.AdminUsersDeleteHandler (5 handlers)
[GIN-debug] POST   /api/admin/users/:id/treatment --> main.AdminUsersTreatmentHandler (5 handlers)
[GIN-debug] GET    /api/admin/users/:id/treatments --> main.AdminUserTreatmentsHandler (5 handlers)
[GIN-debug] GET    /api/admin/treatment-replies --> main.AdminTreatmentRepliesHandler (5 handlers)
[GIN-debug] PATCH  /api/admin/treatment-replies/:id/read --> main.AdminTreatmentReplyReadHandler (5 handlers)
[GIN-debug] GET    /api/admin/analytics      --> main.AdminAnalyticsHandler (5 handlers)
[GIN-debug] GET    /api/admin/config         --> main.AdminConfigGetHandler (5 handlers)
[GIN-debug] PUT    /api/admin/config         --> main.AdminConfigPutHandler (5 handlers)
[GIN-debug] GET    /api/admin/quantum        --> main.AdminQuantumHandler (5 handlers)
[GIN-debug] GET    /api/admin/model-evaluation --> main.AdminModelEvaluationHandler (5 handlers)
[GIN-debug] [WARNING] You trusted all proxies, this is NOT safe. We recommend you to set a value.
Please check https://github.com/gin-gonic/gin/blob/master/docs/doc.md#dont-trust-all-proxies for details.
[GIN-debug] Listening and serving HTTP on :8080
[GIN] 2026/05/14 - 19:59:54 | 204 |       0s |             ::1 | OPTIONS  "/api/notifications/unread"
[GIN] 2026/05/14 - 19:59:54 | 200 |   2.58ms |             ::1 | GET      "/api/notifications/unread"
[GIN] 2026/05/14 - 19:59:54 | 200 |    1.3ms |             ::1 | GET      "/api/notifications/unread"
[GIN] 2026/05/14 - 19:59:57 | 200 |   1.88ms |             ::1 | GET      "/api/notifications/unread"
[GIN] 2026/05/14 - 19:59:58 | 204 |       0s |             ::1 | OPTIONS  "/api/user/notifications"
[GIN] 2026/05/14 - 19:59:58 | 200 |   2.16ms |             ::1 | GET      "/api/notifications/unread"
[GIN] 2026/05/14 - 19:59:58 | 200 |   1.99ms |             ::1 | GET      "/api/user/notifications"
[GIN] 2026/05/14 - 20:00:00 | 204 |       0s |             ::1 | OPTIONS  "/api/notifications/unread"
[GIN] 2026/05/14 - 20:00:00 | 200 |   2.46ms |             ::1 | GET      "/api/notifications/unread"
[GIN] 2026/05/14 - 20:00:03 | 204 |       0s |             ::1 | OPTIONS  "/api/user/notifications"
[GIN] 2026/05/14 - 20:00:03 | 200 |   2.96ms |             ::1 | GET      "/api/notifications/unread"
[GIN] 2026/05/14 - 20:00:03 | 200 |  16.74ms |             ::1 | GET      "/api/user/notifications"
[GIN] 2026/05/14 - 20:00:03 | 200 |   4.91ms |             ::1 | GET      "/api/notifications/unread"
[GIN] 2026/05/14 - 20:00:06 | 204 |       0s |             ::1 | OPTIONS  "/api/notifications/unread"
[GIN] 2026/05/14 - 20:00:06 | 200 |   9.27ms |             ::1 | GET      "/api/notifications/unread"
[GIN] 2026/05/14 - 20:00:08 | 200 |   4.41ms |             ::1 | GET      "/api/user/notifications"
[GIN] 2026/05/14 - 20:00:08 | 200 |   4.48ms |             ::1 | GET      "/api/notifications/unread"
[GIN] 2026/05/14 - 20:00:09 | 200 |   2.96ms |             ::1 | GET      "/api/notifications/unread"
[GIN] 2026/05/14 - 20:00:12 | 204 |       0s |             ::1 | OPTIONS  "/api/notifications/unread"
[GIN] 2026/05/14 - 20:00:12 | 200 |   4.75ms |             ::1 | GET      "/api/notifications/unread"
[GIN] 2026/05/14 - 20:00:13 | 204 |       0s |             ::1 | OPTIONS  "/api/user/notifications"
[GIN] 2026/05/14 - 20:00:13 | 200 |    2.9ms |             ::1 | GET      "/api/notifications/unread"
[GIN] 2026/05/14 - 20:00:13 | 200 |   4.07ms |             ::1 | GET      "/api/user/notifications"
[GIN] 2026/05/14 - 20:00:15 | 200 |  250.5ms |             ::1 | POST     "/api/login"
[GIN] 2026/05/14 - 20:00:15 | 200 |    1.6ms |             ::1 | GET      "/api/assessment?profile=academic&refresh=1&variant=verify2"
[GIN] 2026/05/14 - 20:00:15 | 200 |   3.06ms |             ::1 | GET      "/api/notifications/unread"
[GIN] 2026/05/14 - 20:00:18 | 204 |       0s |             ::1 | OPTIONS  "/api/notifications/unread"
[GIN] 2026/05/14 - 20:00:18 | 200 |   4.25ms |             ::1 | GET      "/api/user/notifications"
[GIN] 2026/05/14 - 20:00:18 | 200 |   1.82ms |             ::1 | GET      "/api/notifications/unread"
[GIN] 2026/05/14 - 20:00:18 | 200 |    2.2ms |             ::1 | GET      "/api/notifications/unread"
[GIN] 2026/05/14 - 20:00:21 | 200 |   2.65ms |             ::1 | GET      "/api/notifications/unread"
AI questions generated for 2026-05-14:academic:verify2
[GIN] 2026/05/14 - 20:00:23 | 204 |       0s |             ::1 | OPTIONS  "/api/notifications/unread"
[GIN] 2026/05/14 - 20:00:23 | 204 |       0s |             ::1 | OPTIONS  "/api/user/notifications"
[GIN] 2026/05/14 - 20:00:23 | 200 |    6.4ms |             ::1 | GET      "/api/notifications/unread"
[GIN] 2026/05/14 - 20:00:23 | 200 |   2.41ms |             ::1 | GET      "/api/user/notifications"
[GIN] 2026/05/14 - 20:00:24 | 200 |    5.9ms |             ::1 | GET      "/api/notifications/unread"
[GIN] 2026/05/14 - 20:00:27 | 200 |   2.71ms |             ::1 | GET      "/api/notifications/unread"
[GIN] 2026/05/14 - 20:00:28 | 200 |   2.16ms |             ::1 | GET      "/api/user/notifications"
[GIN] 2026/05/14 - 20:00:28 | 200 |   2.74ms |             ::1 | GET      "/api/notifications/unread"
[GIN] 2026/05/14 - 20:00:30 | 204 |       0s |             ::1 | OPTIONS  "/api/notifications/unread"
[GIN] 2026/05/14 - 20:00:30 | 200 |   3.52ms |             ::1 | GET      "/api/notifications/unread"
[GIN] 2026/05/14 - 20:00:33 | 204 |       0s |             ::1 | OPTIONS  "/api/user/notifications"
[GIN] 2026/05/14 - 20:00:33 | 200 |   3.21ms |             ::1 | GET      "/api/notifications/unread"
[GIN] 2026/05/14 - 20:00:33 | 200 |   2.62ms |             ::1 | GET      "/api/user/notifications"
[GIN] 2026/05/14 - 20:00:33 | 200 |   2.09ms |             ::1 | GET      "/api/notifications/unread"
[GIN] 2026/05/14 - 20:00:36 | 204 |       0s |             ::1 | OPTIONS  "/api/notifications/unread"
[GIN] 2026/05/14 - 20:00:36 | 200 |   3.74ms |             ::1 | GET      "/api/notifications/unread"
[GIN] 2026/05/14 - 20:00:38 | 200 |   2.59ms |             ::1 | GET      "/api/notifications/unread"
[GIN] 2026/05/14 - 20:00:38 | 200 |   2.59ms |             ::1 | GET      "/api/user/notifications"
[GIN] 2026/05/14 - 20:00:39 | 200 |   3.12ms |             ::1 | GET      "/api/notifications/unread"
[GIN] 2026/05/14 - 20:00:42 | 204 |       0s |             ::1 | OPTIONS  "/api/notifications/unread"
[GIN] 2026/05/14 - 20:00:42 | 200 |   3.71ms |             ::1 | GET      "/api/notifications/unread"
[GIN] 2026/05/14 - 20:00:45 | 204 |       0s |             ::1 | OPTIONS  "/api/user/notifications"
[GIN] 2026/05/14 - 20:00:45 | 200 |   1.76ms |             ::1 | GET      "/api/notifications/unread"
[GIN] 2026/05/14 - 20:00:45 | 200 |   1.18ms |             ::1 | GET      "/api/user/notifications"
[GIN] 2026/05/14 - 20:00:46 | 200 |   2.25ms |             ::1 | GET      "/api/notifications/unread"
[GIN] 2026/05/14 - 20:00:48 | 204 |       0s |             ::1 | OPTIONS  "/api/notifications/unread"
[GIN] 2026/05/14 - 20:00:48 | 204 |       0s |             ::1 | OPTIONS  "/api/notifications/unread"
[GIN] 2026/05/14 - 20:00:48 | 200 |   4.38ms |             ::1 | GET      "/api/user/notifications"
[GIN] 2026/05/14 - 20:00:48 | 200 |   2.17ms |             ::1 | GET      "/api/notifications/unread"
[GIN] 2026/05/14 - 20:00:48 | 200 |   4.41ms |             ::1 | GET      "/api/notifications/unread"
[GIN] 2026/05/14 - 20:00:51 | 200 |   2.64ms |             ::1 | GET      "/api/notifications/unread"
[GIN] 2026/05/14 - 20:00:53 | 204 |       0s |             ::1 | OPTIONS  "/api/user/notifications"
[GIN] 2026/05/14 - 20:00:53 | 200 |   3.68ms |             ::1 | GET      "/api/notifications/unread"
[GIN] 2026/05/14 - 20:00:53 | 200 |   3.27ms |             ::1 | GET      "/api/user/notifications"
[GIN] 2026/05/14 - 20:00:54 | 204 |       0s |             ::1 | OPTIONS  "/api/assessment?profile=balanced"
[GIN] 2026/05/14 - 20:00:54 | 204 |       0s |             ::1 | OPTIONS  "/api/assessment?profile=balanced"
[GIN] 2026/05/14 - 20:00:54 | 200 |    1.9ms |             ::1 | GET      "/api/assessment?profile=balanced"
[GIN] 2026/05/14 - 20:00:54 | 200 |   2.99ms |             ::1 | GET      "/api/assessment?profile=balanced"
[GIN] 2026/05/14 - 20:00:54 | 204 |       0s |             ::1 | OPTIONS  "/api/notifications/unread"
[GIN] 2026/05/14 - 20:00:54 | 200 |   1.28ms |             ::1 | GET      "/api/notifications/unread"
[GIN] 2026/05/14 - 20:00:57 | 200 |   5.28ms |             ::1 | GET      "/api/notifications/unread"
AI questions generated for 2026-05-14:balanced
[GIN] 2026/05/14 - 20:01:00 | 204 |       0s |             ::1 | OPTIONS  "/api/notifications/unread"
[GIN] 2026/05/14 - 20:01:00 | 200 |   3.09ms |             ::1 | GET      "/api/notifications/unread"
[GIN] 2026/05/14 - 20:01:03 | 200 |   2.53ms |             ::1 | GET      "/api/notifications/unread"
[GIN] 2026/05/14 - 20:01:06 | 204 |       0s |             ::1 | OPTIONS  "/api/notifications/unread"
[GIN] 2026/05/14 - 20:01:06 | 200 |   2.54ms |             ::1 | GET      "/api/notifications/unread"
[GIN] 2026/05/14 - 20:01:09 | 200 |   3.09ms |             ::1 | GET      "/api/notifications/unread"
[GIN] 2026/05/14 - 20:01:12 | 204 |       0s |             ::1 | OPTIONS  "/api/notifications/unread"
[GIN] 2026/05/14 - 20:01:12 | 200 |   1.65ms |             ::1 | GET      "/api/notifications/unread"
[GIN] 2026/05/14 - 20:01:15 | 200 |   6.12ms |             ::1 | GET      "/api/notifications/unread"
[GIN] 2026/05/14 - 20:01:18 | 204 |       0s |             ::1 | OPTIONS  "/api/notifications/unread"
[GIN] 2026/05/14 - 20:01:18 | 200 |   2.54ms |             ::1 | GET      "/api/notifications/unread"
[GIN] 2026/05/14 - 20:01:21 | 200 |   2.17ms |             ::1 | GET      "/api/notifications/unread"
[GIN] 2026/05/14 - 20:01:24 | 204 |       0s |             ::1 | OPTIONS  "/api/notifications/unread"
[GIN] 2026/05/14 - 20:01:24 | 200 |   2.14ms |             ::1 | GET      "/api/notifications/unread"
[GIN] 2026/05/14 - 20:01:27 | 200 |   1.85ms |             ::1 | GET      "/api/notifications/unread"
[GIN] 2026/05/14 - 20:01:30 | 204 |       0s |             ::1 | OPTIONS  "/api/notifications/unread"
[GIN] 2026/05/14 - 20:01:30 | 200 |   1.62ms |             ::1 | GET      "/api/notifications/unread"
[GIN] 2026/05/14 - 20:01:33 | 200 |   5.08ms |             ::1 | GET      "/api/notifications/unread"
[GIN] 2026/05/14 - 20:01:36 | 204 |       0s |             ::1 | OPTIONS  "/api/notifications/unread"
[GIN] 2026/05/14 - 20:01:36 | 200 |   1.99ms |             ::1 | GET      "/api/notifications/unread"
[GIN] 2026/05/14 - 20:01:39 | 200 |   3.15ms |             ::1 | GET      "/api/notifications/unread"
[GIN] 2026/05/14 - 20:01:42 | 204 |       0s |             ::1 | OPTIONS  "/api/notifications/unread"
[GIN] 2026/05/14 - 20:01:42 | 200 |   3.36ms |             ::1 | GET      "/api/notifications/unread"
[GIN] 2026/05/14 - 20:01:45 | 200 |   2.47ms |             ::1 | GET      "/api/notifications/unread"
[GIN] 2026/05/14 - 20:01:48 | 204 |       0s |             ::1 | OPTIONS  "/api/notifications/unread"
[GIN] 2026/05/14 - 20:01:48 | 200 |   2.24ms |             ::1 | GET      "/api/notifications/unread"
[GIN] 2026/05/14 - 20:01:51 | 200 |   2.66ms |             ::1 | GET      "/api/notifications/unread"
[GIN] 2026/05/14 - 20:01:54 | 204 |       0s |             ::1 | OPTIONS  "/api/notifications/unread"
[GIN] 2026/05/14 - 20:01:54 | 200 |   2.37ms |             ::1 | GET      "/api/notifications/unread"
[GIN] 2026/05/14 - 20:01:57 | 200 |   2.02ms |             ::1 | GET      "/api/notifications/unread"
[GIN] 2026/05/14 - 20:02:00 | 204 |       0s |             ::1 | OPTIONS  "/api/notifications/unread"
[GIN] 2026/05/14 - 20:02:00 | 200 |   2.29ms |             ::1 | GET      "/api/notifications/unread"
[GIN] 2026/05/14 - 20:02:01 | 204 |       0s |             ::1 | OPTIONS  "/api/user/profile"
[GIN] 2026/05/14 - 20:02:01 | 204 |       0s |             ::1 | OPTIONS  "/api/user/profile"
[GIN] 2026/05/14 - 20:02:01 | 200 |    6.3ms |             ::1 | GET      "/api/user/profile"
[GIN] 2026/05/14 - 20:02:01 | 204 |       0s |             ::1 | OPTIONS  "/api/network/user/sunoa6470@gmail.com"
[GIN] 2026/05/14 - 20:02:01 | 200 |    3.3ms |             ::1 | GET      "/api/user/profile"

2026/05/14 20:02:01 [31;1mC:/AAA_Tugas_akhir_Edwin/plan c/skripsi/backend/handlers_social.go:373 [35;1mrecord not found
[0m[33m[2.844ms] [34;1m[rows:0][0m SELECT * FROM `affinities` WHERE (user_id = 5 AND target_user_id = 5) AND `affinities`.`deleted_at` IS NULL ORDER BY `affinities`.`id` LIMIT 1
[GIN] 2026/05/14 - 20:02:01 | 200 |  25.96ms |             ::1 | GET      "/api/network/user/sunoa6470@gmail.com"

2026/05/14 20:02:02 [31;1mC:/AAA_Tugas_akhir_Edwin/plan c/skripsi/backend/handlers_social.go:373 [35;1mrecord not found
[0m[33m[0.947ms] [34;1m[rows:0][0m SELECT * FROM `affinities` WHERE (user_id = 5 AND target_user_id = 5) AND `affinities`.`deleted_at` IS NULL ORDER BY `affinities`.`id` LIMIT 1
[GIN] 2026/05/14 - 20:02:02 | 200 |  12.84ms |             ::1 | GET      "/api/network/user/sunoa6470@gmail.com"
[GIN] 2026/05/14 - 20:02:03 | 200 |      3ms |             ::1 | GET      "/api/notifications/unread"
[GIN] 2026/05/14 - 20:02:06 | 204 |       0s |             ::1 | OPTIONS  "/api/notifications/unread"
[GIN] 2026/05/14 - 20:02:06 | 200 |   1.95ms |             ::1 | GET      "/api/notifications/unread"
[GIN] 2026/05/14 - 20:02:09 | 200 |   2.44ms |             ::1 | GET      "/api/notifications/unread"
[GIN] 2026/05/14 - 20:02:12 | 204 |       0s |             ::1 | OPTIONS  "/api/notifications/unread"
[GIN] 2026/05/14 - 20:02:12 | 200 |   2.33ms |             ::1 | GET      "/api/notifications/unread"
[GIN] 2026/05/14 - 20:02:15 | 200 |    2.3ms |             ::1 | GET      "/api/notifications/unread"
[GIN] 2026/05/14 - 20:02:18 | 204 |       0s |             ::1 | OPTIONS  "/api/notifications/unread"
[GIN] 2026/05/14 - 20:02:18 | 200 |   3.26ms |             ::1 | GET      "/api/notifications/unread"
[GIN] 2026/05/14 - 20:02:21 | 200 |   3.06ms |             ::1 | GET      "/api/notifications/unread"
[GIN] 2026/05/14 - 20:02:24 | 204 |       0s |             ::1 | OPTIONS  "/api/notifications/unread"
[GIN] 2026/05/14 - 20:02:24 | 200 |   2.12ms |             ::1 | GET      "/api/notifications/unread"
[GIN] 2026/05/14 - 20:02:27 | 200 |   2.55ms |             ::1 | GET      "/api/notifications/unread"
[GIN] 2026/05/14 - 20:02:32 | 204 |       0s |             ::1 | OPTIONS  "/api/notifications/unread"
[GIN] 2026/05/14 - 20:02:32 | 200 |   3.97ms |             ::1 | GET      "/api/notifications/unread"
[GIN] 2026/05/14 - 20:02:33 | 200 |    3.3ms |             ::1 | GET      "/api/notifications/unread"
[GIN] 2026/05/14 - 20:02:36 | 200 |    2.4ms |             ::1 | GET      "/api/notifications/unread"
[GIN] 2026/05/14 - 20:02:41 | 204 |       0s |             ::1 | OPTIONS  "/api/notifications/unread"
[GIN] 2026/05/14 - 20:02:41 | 200 |   1.91ms |             ::1 | GET      "/api/notifications/unread"
[GIN] 2026/05/14 - 20:02:42 | 200 |   2.58ms |             ::1 | GET      "/api/notifications/unread"
[GIN] 2026/05/14 - 20:02:45 | 200 |   2.57ms |             ::1 | GET      "/api/notifications/unread"
[GIN] 2026/05/14 - 20:02:48 | 204 |       0s |             ::1 | OPTIONS  "/api/notifications/unread"
[GIN] 2026/05/14 - 20:02:48 | 200 |   2.67ms |             ::1 | GET      "/api/notifications/unread"
[GIN] 2026/05/14 - 20:02:51 | 200 |   2.58ms |             ::1 | GET      "/api/notifications/unread"
[GIN] 2026/05/14 - 20:02:54 | 204 |       0s |             ::1 | OPTIONS  "/api/notifications/unread"
[GIN] 2026/05/14 - 20:02:54 | 200 |   2.29ms |             ::1 | GET      "/api/notifications/unread"
[GIN] 2026/05/14 - 20:02:57 | 200 |   2.54ms |             ::1 | GET      "/api/notifications/unread"
[GIN] 2026/05/14 - 20:03:00 | 204 |       0s |             ::1 | OPTIONS  "/api/notifications/unread"
[GIN] 2026/05/14 - 20:03:00 | 200 |   2.47ms |             ::1 | GET      "/api/notifications/unread"
[GIN] 2026/05/14 - 20:03:03 | 204 |       0s |             ::1 | OPTIONS  "/api/assessment?profile=balanced"
[GIN] 2026/05/14 - 20:03:03 | 204 |       0s |             ::1 | OPTIONS  "/api/assessment?profile=balanced"
[GIN] 2026/05/14 - 20:03:03 | 200 |   1.61ms |             ::1 | GET      "/api/assessment?profile=balanced"
[GIN] 2026/05/14 - 20:03:03 | 200 |   1.34ms |             ::1 | GET      "/api/assessment?profile=balanced"
[GIN] 2026/05/14 - 20:03:03 | 200 |    5.9ms |             ::1 | GET      "/api/notifications/unread"
[GIN] 2026/05/14 - 20:03:06 | 204 |       0s |             ::1 | OPTIONS  "/api/notifications/unread"
[GIN] 2026/05/14 - 20:03:06 | 200 |   3.03ms |             ::1 | GET      "/api/notifications/unread"
[GIN] 2026/05/14 - 20:03:09 | 200 |   2.55ms |             ::1 | GET      "/api/notifications/unread"
[GIN] 2026/05/14 - 20:03:12 | 204 |       0s |             ::1 | OPTIONS  "/api/notifications/unread"
[GIN] 2026/05/14 - 20:03:12 | 200 |   4.64ms |             ::1 | GET      "/api/notifications/unread"
[GIN] 2026/05/14 - 20:03:15 | 200 |  21.95ms |             ::1 | GET      "/api/notifications/unread"
[GIN] 2026/05/14 - 20:03:18 | 204 |       0s |             ::1 | OPTIONS  "/api/notifications/unread"
[GIN] 2026/05/14 - 20:03:18 | 200 |   3.49ms |             ::1 | GET      "/api/notifications/unread"
[GIN] 2026/05/14 - 20:03:21 | 200 |   4.01ms |             ::1 | GET      "/api/notifications/unread"
[GIN] 2026/05/14 - 20:03:24 | 204 |       0s |             ::1 | OPTIONS  "/api/notifications/unread"
[GIN] 2026/05/14 - 20:03:24 | 200 |   2.86ms |             ::1 | GET      "/api/notifications/unread"
[GIN] 2026/05/14 - 20:03:27 | 200 |   2.12ms |             ::1 | GET      "/api/notifications/unread"
[GIN] 2026/05/14 - 20:03:30 | 204 |       0s |             ::1 | OPTIONS  "/api/notifications/unread"
[GIN] 2026/05/14 - 20:03:30 | 200 |   3.81ms |             ::1 | GET      "/api/notifications/unread"
[GIN] 2026/05/14 - 20:03:33 | 200 |   3.31ms |             ::1 | GET      "/api/notifications/unread"
[GIN] 2026/05/14 - 20:03:37 | 204 |       0s |             ::1 | OPTIONS  "/api/notifications/unread"
[GIN] 2026/05/14 - 20:03:37 | 200 |   2.72ms |             ::1 | GET      "/api/notifications/unread"
[GIN] 2026/05/14 - 20:03:39 | 200 |   4.57ms |             ::1 | GET      "/api/notifications/unread"
[GIN] 2026/05/14 - 20:03:42 | 200 |   2.69ms |             ::1 | GET      "/api/notifications/unread"
[GIN] 2026/05/14 - 20:03:52 | 204 |       0s |             ::1 | OPTIONS  "/api/notifications/unread"
[GIN] 2026/05/14 - 20:03:52 | 204 |       0s |             ::1 | OPTIONS  "/api/notifications/unread"
[GIN] 2026/05/14 - 20:03:52 | 204 |       0s |             ::1 | OPTIONS  "/api/notifications/unread"
[GIN] 2026/05/14 - 20:03:52 | 200 |   4.36ms |             ::1 | GET      "/api/notifications/unread"
[GIN] 2026/05/14 - 20:03:52 | 200 |   2.93ms |             ::1 | GET      "/api/notifications/unread"
[GIN] 2026/05/14 - 20:03:52 | 200 |   2.97ms |             ::1 | GET      "/api/notifications/unread"
[GIN] 2026/05/14 - 20:03:54 | 200 |   3.07ms |             ::1 | GET      "/api/notifications/unread"
[GIN] 2026/05/14 - 20:03:57 | 204 |       0s |             ::1 | OPTIONS  "/api/notifications/unread"
[GIN] 2026/05/14 - 20:03:57 | 200 |   2.42ms |             ::1 | GET      "/api/notifications/unread"
[GIN] 2026/05/14 - 20:04:02 | 200 |   2.61ms |             ::1 | GET      "/api/notifications/unread"
[GIN] 2026/05/14 - 20:04:03 | 204 |       0s |             ::1 | OPTIONS  "/api/notifications/unread"
[GIN] 2026/05/14 - 20:04:03 | 200 |   4.08ms |             ::1 | GET      "/api/notifications/unread"
[GIN] 2026/05/14 - 20:04:06 | 200 |   3.12ms |             ::1 | GET      "/api/notifications/unread"
[GIN] 2026/05/14 - 20:04:09 | 204 |       0s |             ::1 | OPTIONS  "/api/notifications/unread"
[GIN] 2026/05/14 - 20:04:09 | 200 |   3.27ms |             ::1 | GET      "/api/notifications/unread"
[GIN] 2026/05/14 - 20:04:12 | 200 |   4.65ms |             ::1 | GET      "/api/notifications/unread"
[GIN] 2026/05/14 - 20:04:15 | 204 |       0s |             ::1 | OPTIONS  "/api/notifications/unread"
[GIN] 2026/05/14 - 20:04:15 | 200 |   2.85ms |             ::1 | GET      "/api/notifications/unread"
[GIN] 2026/05/14 - 20:04:18 | 200 |   3.29ms |             ::1 | GET      "/api/notifications/unread"
[GIN] 2026/05/14 - 20:04:21 | 204 |       0s |             ::1 | OPTIONS  "/api/notifications/unread"
[GIN] 2026/05/14 - 20:04:21 | 200 |   2.45ms |             ::1 | GET      "/api/notifications/unread"
[GIN] 2026/05/14 - 20:04:24 | 200 |   2.02ms |             ::1 | GET      "/api/notifications/unread"
[GIN] 2026/05/14 - 20:05:15 | 204 |       0s |             ::1 | OPTIONS  "/api/notifications/unread"
[GIN] 2026/05/14 - 20:05:15 | 200 |   2.75ms |             ::1 | GET      "/api/notifications/unread"
[GIN] 2026/05/14 - 20:06:15 | 204 |       0s |             ::1 | OPTIONS  "/api/notifications/unread"
[GIN] 2026/05/14 - 20:06:15 | 200 |   2.08ms |             ::1 | GET      "/api/notifications/unread"
[GIN] 2026/05/14 - 20:06:49 | 204 |       0s |             ::1 | OPTIONS  "/api/notifications/unread"
[GIN] 2026/05/14 - 20:06:49 | 200 |   2.62ms |             ::1 | GET      "/api/notifications/unread"
[GIN] 2026/05/14 - 20:06:51 | 200 |   1.59ms |             ::1 | GET      "/api/notifications/unread"
[GIN] 2026/05/14 - 20:06:54 | 204 |       0s |             ::1 | OPTIONS  "/api/notifications/unread"
[GIN] 2026/05/14 - 20:06:54 | 200 |   4.28ms |             ::1 | GET      "/api/notifications/unread"
[GIN] 2026/05/14 - 20:06:57 | 200 |   2.41ms |             ::1 | GET      "/api/notifications/unread"
[GIN] 2026/05/14 - 20:07:00 | 204 |       0s |             ::1 | OPTIONS  "/api/notifications/unread"
[GIN] 2026/05/14 - 20:07:00 | 200 |   2.62ms |             ::1 | GET      "/api/notifications/unread"
[GIN] 2026/05/14 - 20:07:03 | 200 |   2.15ms |             ::1 | GET      "/api/notifications/unread"
[GIN] 2026/05/14 - 20:07:06 | 204 |       0s |             ::1 | OPTIONS  "/api/notifications/unread"
[GIN] 2026/05/14 - 20:07:06 | 200 |   2.87ms |             ::1 | GET      "/api/notifications/unread"
[GIN] 2026/05/14 - 20:07:09 | 200 |   3.82ms |             ::1 | GET      "/api/notifications/unread"
[GIN] 2026/05/14 - 20:07:16 | 204 |       0s |             ::1 | OPTIONS  "/api/notifications/unread"
[GIN] 2026/05/14 - 20:07:16 | 200 |   3.87ms |             ::1 | GET      "/api/notifications/unread"
[GIN] 2026/05/14 - 20:07:16 | 200 |   7.69ms |             ::1 | GET      "/api/notifications/unread"
[GIN] 2026/05/14 - 20:07:20 | 200 |   6.48ms |             ::1 | GET      "/api/notifications/unread"
[GIN] 2026/05/14 - 20:07:21 | 204 |       0s |             ::1 | OPTIONS  "/api/notifications/unread"
[GIN] 2026/05/14 - 20:07:21 | 200 |   2.11ms |             ::1 | GET      "/api/notifications/unread"
[GIN] 2026/05/14 - 20:07:24 | 200 |   3.25ms |             ::1 | GET      "/api/notifications/unread"
[GIN] 2026/05/14 - 20:07:27 | 204 |       0s |             ::1 | OPTIONS  "/api/notifications/unread"
[GIN] 2026/05/14 - 20:07:27 | 200 |   2.89ms |             ::1 | GET      "/api/notifications/unread"
[GIN] 2026/05/14 - 20:07:30 | 200 |  50.71ms |             ::1 | GET      "/api/notifications/unread"
[GIN] 2026/05/14 - 20:07:33 | 204 |       0s |             ::1 | OPTIONS  "/api/notifications/unread"
[GIN] 2026/05/14 - 20:07:33 | 200 |   1.54ms |             ::1 | GET      "/api/notifications/unread"
[GIN] 2026/05/14 - 20:07:36 | 200 |   3.17ms |             ::1 | GET      "/api/notifications/unread"
[GIN] 2026/05/14 - 20:07:39 | 204 |       0s |             ::1 | OPTIONS  "/api/notifications/unread"
[GIN] 2026/05/14 - 20:07:39 | 200 |   2.58ms |             ::1 | GET      "/api/notifications/unread"
[GIN] 2026/05/14 - 20:07:43 | 200 |   2.93ms |             ::1 | GET      "/api/notifications/unread"
[GIN] 2026/05/14 - 20:07:45 | 204 |       0s |             ::1 | OPTIONS  "/api/notifications/unread"
[GIN] 2026/05/14 - 20:07:45 | 200 |   2.75ms |             ::1 | GET      "/api/notifications/unread"
[GIN] 2026/05/14 - 20:07:48 | 200 |   2.34ms |             ::1 | GET      "/api/notifications/unread"
[GIN] 2026/05/14 - 20:08:15 | 204 |       0s |             ::1 | OPTIONS  "/api/notifications/unread"
[GIN] 2026/05/14 - 20:08:15 | 200 |   4.56ms |             ::1 | GET      "/api/notifications/unread"
[GIN] 2026/05/14 - 20:09:15 | 204 |  529.7µs |             ::1 | OPTIONS  "/api/notifications/unread"
[GIN] 2026/05/14 - 20:09:15 | 200 |    4.5ms |             ::1 | GET      "/api/notifications/unread"
[GIN] 2026/05/14 - 20:10:15 | 204 |       0s |             ::1 | OPTIONS  "/api/notifications/unread"
[GIN] 2026/05/14 - 20:10:15 | 200 |   3.53ms |             ::1 | GET      "/api/notifications/unread"
[GIN] 2026/05/14 - 20:11:15 | 204 |       0s |             ::1 | OPTIONS  "/api/notifications/unread"
[GIN] 2026/05/14 - 20:11:15 | 200 |   4.17ms |             ::1 | GET      "/api/notifications/unread"
[GIN] 2026/05/14 - 20:12:15 | 204 |       0s |             ::1 | OPTIONS  "/api/notifications/unread"
[GIN] 2026/05/14 - 20:12:15 | 200 |    6.5ms |             ::1 | GET      "/api/notifications/unread"
[GIN] 2026/05/14 - 20:12:24 | 204 |       0s |             ::1 | OPTIONS  "/api/notifications/unread"
[GIN] 2026/05/14 - 20:12:24 | 200 |      4ms |             ::1 | GET      "/api/notifications/unread"
[GIN] 2026/05/14 - 20:12:27 | 200 |   3.25ms |             ::1 | GET      "/api/notifications/unread"
[GIN] 2026/05/14 - 20:12:30 | 204 |       0s |             ::1 | OPTIONS  "/api/notifications/unread"
[GIN] 2026/05/14 - 20:12:30 | 200 |   4.15ms |             ::1 | GET      "/api/notifications/unread"
[GIN] 2026/05/14 - 20:12:33 | 200 |   2.54ms |             ::1 | GET      "/api/notifications/unread"
[GIN] 2026/05/14 - 20:12:36 | 204 |       0s |             ::1 | OPTIONS  "/api/notifications/unread"
[GIN] 2026/05/14 - 20:12:36 | 200 |   3.16ms |             ::1 | GET      "/api/notifications/unread"
[GIN] 2026/05/14 - 20:12:39 | 200 |   3.87ms |             ::1 | GET      "/api/notifications/unread"
[GIN] 2026/05/14 - 20:12:42 | 204 |       0s |             ::1 | OPTIONS  "/api/notifications/unread"
[GIN] 2026/05/14 - 20:12:42 | 200 |   2.46ms |             ::1 | GET      "/api/notifications/unread"
[GIN] 2026/05/14 - 20:12:45 | 200 |   1.86ms |             ::1 | GET      "/api/notifications/unread"
[GIN] 2026/05/14 - 20:12:48 | 204 |       0s |             ::1 | OPTIONS  "/api/notifications/unread"
[GIN] 2026/05/14 - 20:12:48 | 200 |   2.48ms |             ::1 | GET      "/api/notifications/unread"
[GIN] 2026/05/14 - 20:12:51 | 200 |   3.86ms |             ::1 | GET      "/api/notifications/unread"
[GIN] 2026/05/14 - 20:12:54 | 204 |       0s |             ::1 | OPTIONS  "/api/notifications/unread"
[GIN] 2026/05/14 - 20:12:54 | 200 |   2.55ms |             ::1 | GET      "/api/notifications/unread"
[GIN] 2026/05/14 - 20:12:57 | 200 |    3.5ms |             ::1 | GET      "/api/notifications/unread"
[GIN] 2026/05/14 - 20:13:00 | 204 |       0s |             ::1 | OPTIONS  "/api/notifications/unread"
[GIN] 2026/05/14 - 20:13:00 | 200 |    4.6ms |             ::1 | GET      "/api/notifications/unread"
[GIN] 2026/05/14 - 20:13:03 | 200 |   3.23ms |             ::1 | GET      "/api/notifications/unread"
[GIN] 2026/05/14 - 20:13:06 | 204 |       0s |             ::1 | OPTIONS  "/api/notifications/unread"
[GIN] 2026/05/14 - 20:13:06 | 200 |   2.88ms |             ::1 | GET      "/api/notifications/unread"
[GIN] 2026/05/14 - 20:13:09 | 200 |   2.64ms |             ::1 | GET      "/api/notifications/unread"
[GIN] 2026/05/14 - 20:13:12 | 204 |       0s |             ::1 | OPTIONS  "/api/notifications/unread"
[GIN] 2026/05/14 - 20:13:12 | 200 |    4.1ms |             ::1 | GET      "/api/notifications/unread"
[GIN] 2026/05/14 - 20:13:15 | 200 |   2.86ms |             ::1 | GET      "/api/notifications/unread"
[GIN] 2026/05/14 - 20:13:18 | 204 |       0s |             ::1 | OPTIONS  "/api/assessment?profile=balanced"
[GIN] 2026/05/14 - 20:13:19 | 204 |       0s |             ::1 | OPTIONS  "/api/notifications/unread"
[GIN] 2026/05/14 - 20:13:19 | 204 |       0s |             ::1 | OPTIONS  "/api/user/profile"
[GIN] 2026/05/14 - 20:13:19 | 204 |       0s |             ::1 | OPTIONS  "/api/user/profile"
[GIN] 2026/05/14 - 20:13:20 | 204 |       0s |             ::1 | OPTIONS  "/api/notifications/unread"
[GIN] 2026/05/14 - 20:13:20 | 204 |       0s |             ::1 | OPTIONS  "/api/assessment?profile=balanced"

2026/05/14 20:13:20 [32mC:/AAA_Tugas_akhir_Edwin/plan c/skripsi/backend/handlers_auth.go:85 [33mSLOW SQL >= 200ms
[0m[31;1m[581.716ms] [33m[rows:1][35m SELECT * FROM `users` WHERE username = 'sunoa6470@gmail.com' AND `users`.`deleted_at` IS NULL ORDER BY `users`.`id` LIMIT 1[0m
[GIN] 2026/05/14 - 20:13:20 | 200 | 619.65ms |             ::1 | GET      "/api/assessment?profile=balanced"

2026/05/14 20:13:20 [32mC:/AAA_Tugas_akhir_Edwin/plan c/skripsi/backend/handlers_auth.go:85 [33mSLOW SQL >= 200ms
[0m[31;1m[504.188ms] [33m[rows:1][35m SELECT * FROM `users` WHERE username = 'sunoa6470@gmail.com' AND `users`.`deleted_at` IS NULL ORDER BY `users`.`id` LIMIT 1[0m
[GIN] 2026/05/14 - 20:13:20 | 200 | 720.73ms |             ::1 | GET      "/api/notifications/unread"
[GIN] 2026/05/14 - 20:13:20 | 200 |   5.23ms |             ::1 | GET      "/api/assessment?profile=balanced"
[GIN] 2026/05/14 - 20:13:20 | 200 |      2ms |             ::1 | GET      "/api/notifications/unread"

2026/05/14 20:13:21 [32mC:/AAA_Tugas_akhir_Edwin/plan c/skripsi/backend/handlers_auth.go:85 [33mSLOW SQL >= 200ms
[0m[31;1m[1374.137ms] [33m[rows:1][35m SELECT * FROM `users` WHERE username = 'sunoa6470@gmail.com' AND `users`.`deleted_at` IS NULL ORDER BY `users`.`id` LIMIT 1[0m
[GIN] 2026/05/14 - 20:13:21 | 200 |    1.46s |             ::1 | GET      "/api/user/profile"
[GIN] 2026/05/14 - 20:13:21 | 200 |      3ms |             ::1 | GET      "/api/user/profile"
